  [1m[35m (206.3ms)[0m  [1m[35mCREATE DATABASE "tunr_backend_development" ENCODING = 'unicode'[0m
  [1m[35m (96.7ms)[0m  [1m[35mCREATE DATABASE "tunr_backend_test" ENCODING = 'unicode'[0m
  [1m[35m (44.5ms)[0m  [1m[35mCREATE TABLE "schema_migrations" ("version" character varying NOT NULL PRIMARY KEY)[0m
  [1m[35m (6.8ms)[0m  [1m[35mCREATE TABLE "ar_internal_metadata" ("key" character varying NOT NULL PRIMARY KEY, "value" character varying, "created_at" timestamp(6) NOT NULL, "updated_at" timestamp(6) NOT NULL)[0m
  [1m[35m (0.5ms)[0m  [1m[34mSELECT pg_try_advisory_lock(2939230117333845510)[0m
  [1m[35m (1.2ms)[0m  [1m[34mSELECT "schema_migrations"."version" FROM "schema_migrations" ORDER BY "schema_migrations"."version" ASC[0m
Migrating to CreateSongs (20201116152542)
  [1m[35m (0.3ms)[0m  [1m[35mBEGIN[0m
  [1m[35m (13.1ms)[0m  [1m[35mCREATE TABLE "songs" ("id" bigserial primary key, "title" character varying, "artist" character varying, "time" character varying, "created_at" timestamp(6) NOT NULL, "updated_at" timestamp(6) NOT NULL)[0m
  [1m[36mprimary::SchemaMigration Create (3.1ms)[0m  [1m[32mINSERT INTO "schema_migrations" ("version") VALUES ($1) RETURNING "version"[0m  [["version", "20201116152542"]]
  [1m[35m (0.8ms)[0m  [1m[35mCOMMIT[0m
  [1m[36mActiveRecord::InternalMetadata Load (1.5ms)[0m  [1m[34mSELECT "ar_internal_metadata".* FROM "ar_internal_metadata" WHERE "ar_internal_metadata"."key" = $1 LIMIT $2[0m  [["key", "environment"], ["LIMIT", 1]]
  [1m[35m (0.4ms)[0m  [1m[35mBEGIN[0m
  [1m[36mActiveRecord::InternalMetadata Create (2.5ms)[0m  [1m[32mINSERT INTO "ar_internal_metadata" ("key", "value", "created_at", "updated_at") VALUES ($1, $2, $3, $4) RETURNING "key"[0m  [["key", "environment"], ["value", "development"], ["created_at", "2020-11-16 15:26:08.544290"], ["updated_at", "2020-11-16 15:26:08.544290"]]
  [1m[35m (0.7ms)[0m  [1m[35mCOMMIT[0m
  [1m[35m (0.5ms)[0m  [1m[34mSELECT pg_advisory_unlock(2939230117333845510)[0m
  [1m[35m (1.7ms)[0m  [1m[34mSELECT "schema_migrations"."version" FROM "schema_migrations" ORDER BY "schema_migrations"."version" ASC[0m
  [1m[35m (0.2ms)[0m  [1m[35mBEGIN[0m
  [1m[36mSong Create (2.9ms)[0m  [1m[32mINSERT INTO "songs" ("title", "artist", "time", "created_at", "updated_at") VALUES ($1, $2, $3, $4, $5) RETURNING "id"[0m  [["title", "Dynamite"], ["artist", "BTS"], ["time", "3:44"], ["created_at", "2020-11-16 15:37:08.627652"], ["updated_at", "2020-11-16 15:37:08.627652"]]
  [1m[35m (1.5ms)[0m  [1m[35mCOMMIT[0m
Started GET "/songs" for ::1 at 2020-11-16 10:37:38 -0500
  [1m[35m (2.1ms)[0m  [1m[34mSELECT "schema_migrations"."version" FROM "schema_migrations" ORDER BY "schema_migrations"."version" ASC[0m
Processing by SongsController#index as HTML
  [1m[36mSong Load (2.6ms)[0m  [1m[34mSELECT "songs".* FROM "songs"[0m
  ↳ app/controllers/songs_controller.rb:8:in `index'
Completed 200 OK in 40ms (Views: 19.9ms | ActiveRecord: 16.3ms | Allocations: 4876)


Started GET "/favicon.ico" for ::1 at 2020-11-16 10:37:38 -0500
  
ActionController::RoutingError (No route matches [GET] "/favicon.ico"):
  
actionpack (6.0.3.4) lib/action_dispatch/middleware/debug_exceptions.rb:36:in `call'
actionpack (6.0.3.4) lib/action_dispatch/middleware/show_exceptions.rb:33:in `call'
railties (6.0.3.4) lib/rails/rack/logger.rb:37:in `call_app'
railties (6.0.3.4) lib/rails/rack/logger.rb:26:in `block in call'
activesupport (6.0.3.4) lib/active_support/tagged_logging.rb:80:in `block in tagged'
activesupport (6.0.3.4) lib/active_support/tagged_logging.rb:28:in `tagged'
activesupport (6.0.3.4) lib/active_support/tagged_logging.rb:80:in `tagged'
railties (6.0.3.4) lib/rails/rack/logger.rb:26:in `call'
actionpack (6.0.3.4) lib/action_dispatch/middleware/remote_ip.rb:81:in `call'
actionpack (6.0.3.4) lib/action_dispatch/middleware/request_id.rb:27:in `call'
rack (2.2.3) lib/rack/runtime.rb:22:in `call'
activesupport (6.0.3.4) lib/active_support/cache/strategy/local_cache_middleware.rb:29:in `call'
actionpack (6.0.3.4) lib/action_dispatch/middleware/executor.rb:14:in `call'
actionpack (6.0.3.4) lib/action_dispatch/middleware/static.rb:126:in `call'
rack (2.2.3) lib/rack/sendfile.rb:110:in `call'
actionpack (6.0.3.4) lib/action_dispatch/middleware/host_authorization.rb:82:in `call'
rack-cors (1.1.1) lib/rack/cors.rb:100:in `call'
railties (6.0.3.4) lib/rails/engine.rb:527:in `call'
puma (4.3.6) lib/puma/configuration.rb:228:in `call'
puma (4.3.6) lib/puma/server.rb:713:in `handle_request'
puma (4.3.6) lib/puma/server.rb:472:in `process_client'
puma (4.3.6) lib/puma/server.rb:328:in `block in run'
puma (4.3.6) lib/puma/thread_pool.rb:134:in `block in spawn_thread'
Started GET "/" for ::1 at 2020-11-16 11:32:36 -0500
  [1m[35m (1.9ms)[0m  [1m[34mSELECT "schema_migrations"."version" FROM "schema_migrations" ORDER BY "schema_migrations"."version" ASC[0m
Processing by Rails::WelcomeController#index as HTML
  Rendering /Users/jakey/.rbenv/versions/2.7.2/lib/ruby/gems/2.7.0/gems/railties-6.0.3.4/lib/rails/templates/rails/welcome/index.html.erb
  Rendered /Users/jakey/.rbenv/versions/2.7.2/lib/ruby/gems/2.7.0/gems/railties-6.0.3.4/lib/rails/templates/rails/welcome/index.html.erb (Duration: 14.3ms | Allocations: 294)
Completed 200 OK in 28ms (Views: 21.7ms | ActiveRecord: 0.0ms | Allocations: 1536)


Started GET "/songs" for ::1 at 2020-11-16 11:32:40 -0500
Processing by SongsController#index as HTML
  [1m[36mSong Load (1.6ms)[0m  [1m[34mSELECT "songs".* FROM "songs"[0m
  ↳ app/controllers/songs_controller.rb:8:in `index'
Completed 200 OK in 37ms (Views: 18.9ms | ActiveRecord: 14.4ms | Allocations: 4886)


Started GET "/songs" for ::1 at 2020-11-16 11:38:53 -0500
Processing by SongsController#index as */*
  [1m[36mSong Load (2.2ms)[0m  [1m[34mSELECT "songs".* FROM "songs"[0m
  ↳ app/controllers/songs_controller.rb:8:in `index'
Completed 200 OK in 8ms (Views: 4.9ms | ActiveRecord: 2.2ms | Allocations: 1085)


Started GET "/songs" for ::1 at 2020-11-16 11:39:18 -0500
Processing by SongsController#index as */*
  [1m[36mSong Load (0.4ms)[0m  [1m[34mSELECT "songs".* FROM "songs"[0m
  ↳ app/controllers/songs_controller.rb:8:in `index'
Completed 200 OK in 2ms (Views: 1.5ms | ActiveRecord: 0.4ms | Allocations: 1016)


Started GET "/songs" for ::1 at 2020-11-16 11:39:32 -0500
Processing by SongsController#index as */*
  [1m[36mSong Load (0.5ms)[0m  [1m[34mSELECT "songs".* FROM "songs"[0m
  ↳ app/controllers/songs_controller.rb:8:in `index'
Completed 200 OK in 30ms (Views: 29.0ms | ActiveRecord: 0.5ms | Allocations: 1017)


Started GET "/songs" for ::1 at 2020-11-16 11:39:37 -0500
Processing by SongsController#index as */*
  [1m[36mSong Load (0.6ms)[0m  [1m[34mSELECT "songs".* FROM "songs"[0m
  ↳ app/controllers/songs_controller.rb:8:in `index'
Completed 200 OK in 4ms (Views: 2.9ms | ActiveRecord: 0.6ms | Allocations: 998)


Started GET "/songs" for ::1 at 2020-11-16 11:41:24 -0500
Processing by SongsController#index as */*
  [1m[36mSong Load (1.4ms)[0m  [1m[34mSELECT "songs".* FROM "songs"[0m
  ↳ app/controllers/songs_controller.rb:8:in `index'
Completed 200 OK in 6ms (Views: 4.6ms | ActiveRecord: 1.4ms | Allocations: 998)


Started GET "/songs" for ::1 at 2020-11-16 11:42:30 -0500
Processing by SongsController#index as */*
  [1m[36mSong Load (2.4ms)[0m  [1m[34mSELECT "songs".* FROM "songs"[0m
  ↳ app/controllers/songs_controller.rb:8:in `index'
Completed 200 OK in 8ms (Views: 4.8ms | ActiveRecord: 2.4ms | Allocations: 998)


Started GET "/songs" for ::1 at 2020-11-16 11:42:57 -0500
Processing by SongsController#index as */*
  [1m[36mSong Load (1.5ms)[0m  [1m[34mSELECT "songs".* FROM "songs"[0m
  ↳ app/controllers/songs_controller.rb:8:in `index'
Completed 200 OK in 7ms (Views: 4.8ms | ActiveRecord: 1.5ms | Allocations: 998)


Started GET "/songs" for ::1 at 2020-11-16 11:44:05 -0500
Processing by SongsController#index as */*
  [1m[36mSong Load (1.0ms)[0m  [1m[34mSELECT "songs".* FROM "songs"[0m
  ↳ app/controllers/songs_controller.rb:8:in `index'
Completed 200 OK in 7ms (Views: 5.7ms | ActiveRecord: 1.0ms | Allocations: 998)


Started GET "/songs" for ::1 at 2020-11-16 11:44:25 -0500
Processing by SongsController#index as */*
  [1m[36mSong Load (1.0ms)[0m  [1m[34mSELECT "songs".* FROM "songs"[0m
  ↳ app/controllers/songs_controller.rb:8:in `index'
Completed 200 OK in 6ms (Views: 4.2ms | ActiveRecord: 1.0ms | Allocations: 998)


Started GET "/songs" for ::1 at 2020-11-16 11:46:55 -0500
Processing by SongsController#index as */*
  [1m[36mSong Load (10.6ms)[0m  [1m[34mSELECT "songs".* FROM "songs"[0m
  ↳ app/controllers/songs_controller.rb:8:in `index'
Completed 200 OK in 33ms (Views: 20.7ms | ActiveRecord: 10.6ms | Allocations: 998)


Started GET "/songs" for ::1 at 2020-11-16 11:47:49 -0500
Processing by SongsController#index as */*
  [1m[36mSong Load (3.0ms)[0m  [1m[34mSELECT "songs".* FROM "songs"[0m
  ↳ app/controllers/songs_controller.rb:8:in `index'
Completed 200 OK in 13ms (Views: 8.3ms | ActiveRecord: 3.0ms | Allocations: 998)


Started GET "/songs" for ::1 at 2020-11-16 11:48:20 -0500
Processing by SongsController#index as */*
  [1m[36mSong Load (0.8ms)[0m  [1m[34mSELECT "songs".* FROM "songs"[0m
  ↳ app/controllers/songs_controller.rb:8:in `index'
Completed 200 OK in 7ms (Views: 5.5ms | ActiveRecord: 0.8ms | Allocations: 999)


Started GET "/songs" for ::1 at 2020-11-16 11:49:52 -0500
Processing by SongsController#index as */*
  [1m[36mSong Load (6.1ms)[0m  [1m[34mSELECT "songs".* FROM "songs"[0m
  ↳ app/controllers/songs_controller.rb:8:in `index'
Completed 200 OK in 43ms (Views: 29.5ms | ActiveRecord: 6.1ms | Allocations: 998)


Started GET "/songs" for ::1 at 2020-11-16 11:50:11 -0500
Processing by SongsController#index as */*
  [1m[36mSong Load (2.2ms)[0m  [1m[34mSELECT "songs".* FROM "songs"[0m
  ↳ app/controllers/songs_controller.rb:8:in `index'
Completed 200 OK in 8ms (Views: 5.0ms | ActiveRecord: 2.2ms | Allocations: 998)


Started GET "/songs" for ::1 at 2020-11-16 11:50:58 -0500
Processing by SongsController#index as */*
  [1m[36mSong Load (0.8ms)[0m  [1m[34mSELECT "songs".* FROM "songs"[0m
  ↳ app/controllers/songs_controller.rb:8:in `index'
Completed 200 OK in 6ms (Views: 4.4ms | ActiveRecord: 0.8ms | Allocations: 998)


Started GET "/songs" for ::1 at 2020-11-16 12:00:51 -0500
Processing by SongsController#index as */*
  [1m[36mSong Load (2.1ms)[0m  [1m[34mSELECT "songs".* FROM "songs"[0m
  ↳ app/controllers/songs_controller.rb:8:in `index'
Completed 200 OK in 12ms (Views: 8.0ms | ActiveRecord: 2.1ms | Allocations: 1072)


Started GET "/songs" for ::1 at 2020-11-16 12:02:16 -0500
Processing by SongsController#index as */*
  [1m[36mSong Load (0.4ms)[0m  [1m[34mSELECT "songs".* FROM "songs"[0m
  ↳ app/controllers/songs_controller.rb:8:in `index'
Completed 200 OK in 4ms (Views: 3.1ms | ActiveRecord: 0.4ms | Allocations: 998)


Started GET "/songs" for ::1 at 2020-11-16 12:03:24 -0500
Processing by SongsController#index as */*
  [1m[36mSong Load (0.5ms)[0m  [1m[34mSELECT "songs".* FROM "songs"[0m
  ↳ app/controllers/songs_controller.rb:8:in `index'
Completed 200 OK in 4ms (Views: 3.2ms | ActiveRecord: 0.5ms | Allocations: 998)


Started GET "/songs" for ::1 at 2020-11-16 12:07:17 -0500
Processing by SongsController#index as */*
  [1m[36mSong Load (5.1ms)[0m  [1m[34mSELECT "songs".* FROM "songs"[0m
  ↳ app/controllers/songs_controller.rb:8:in `index'
Completed 200 OK in 11ms (Views: 5.6ms | ActiveRecord: 5.1ms | Allocations: 998)


Started GET "/songs" for ::1 at 2020-11-16 12:09:39 -0500
Processing by SongsController#index as */*
  [1m[36mSong Load (1.1ms)[0m  [1m[34mSELECT "songs".* FROM "songs"[0m
  ↳ app/controllers/songs_controller.rb:8:in `index'
Completed 200 OK in 7ms (Views: 5.2ms | ActiveRecord: 1.1ms | Allocations: 998)


Started GET "/songs" for ::1 at 2020-11-16 12:12:08 -0500
Processing by SongsController#index as */*
  [1m[36mSong Load (0.5ms)[0m  [1m[34mSELECT "songs".* FROM "songs"[0m
  ↳ app/controllers/songs_controller.rb:8:in `index'
Completed 200 OK in 4ms (Views: 3.3ms | ActiveRecord: 0.5ms | Allocations: 998)


Started GET "/songs" for ::1 at 2020-11-16 12:13:06 -0500
Processing by SongsController#index as */*
  [1m[36mSong Load (2.2ms)[0m  [1m[34mSELECT "songs".* FROM "songs"[0m
  ↳ app/controllers/songs_controller.rb:8:in `index'
Completed 200 OK in 12ms (Views: 8.9ms | ActiveRecord: 2.2ms | Allocations: 998)


Started GET "/songs" for ::1 at 2020-11-16 12:13:39 -0500
Processing by SongsController#index as */*
  [1m[36mSong Load (1.7ms)[0m  [1m[34mSELECT "songs".* FROM "songs"[0m
  ↳ app/controllers/songs_controller.rb:8:in `index'
Completed 200 OK in 8ms (Views: 5.4ms | ActiveRecord: 1.7ms | Allocations: 998)


Started GET "/songs" for ::1 at 2020-11-16 12:15:26 -0500
Processing by SongsController#index as */*
  [1m[36mSong Load (0.4ms)[0m  [1m[34mSELECT "songs".* FROM "songs"[0m
  ↳ app/controllers/songs_controller.rb:8:in `index'
Completed 200 OK in 4ms (Views: 3.4ms | ActiveRecord: 0.4ms | Allocations: 998)


Started GET "/songs" for ::1 at 2020-11-16 12:16:34 -0500
Processing by SongsController#index as */*
  [1m[36mSong Load (0.5ms)[0m  [1m[34mSELECT "songs".* FROM "songs"[0m
  ↳ app/controllers/songs_controller.rb:8:in `index'
Completed 200 OK in 4ms (Views: 3.3ms | ActiveRecord: 0.5ms | Allocations: 998)


Started GET "/songs" for ::1 at 2020-11-16 12:17:08 -0500
Processing by SongsController#index as */*
  [1m[36mSong Load (0.6ms)[0m  [1m[34mSELECT "songs".* FROM "songs"[0m
  ↳ app/controllers/songs_controller.rb:8:in `index'
Completed 200 OK in 4ms (Views: 3.1ms | ActiveRecord: 0.6ms | Allocations: 998)


Started GET "/songs" for ::1 at 2020-11-16 12:18:03 -0500
Processing by SongsController#index as */*
  [1m[36mSong Load (0.8ms)[0m  [1m[34mSELECT "songs".* FROM "songs"[0m
  ↳ app/controllers/songs_controller.rb:8:in `index'
Completed 200 OK in 6ms (Views: 4.7ms | ActiveRecord: 0.8ms | Allocations: 998)


Started GET "/songs" for ::1 at 2020-11-16 12:18:42 -0500
Processing by SongsController#index as */*
  [1m[36mSong Load (0.7ms)[0m  [1m[34mSELECT "songs".* FROM "songs"[0m
  ↳ app/controllers/songs_controller.rb:8:in `index'
Completed 200 OK in 5ms (Views: 3.4ms | ActiveRecord: 0.7ms | Allocations: 998)


Started GET "/songs" for ::1 at 2020-11-16 12:19:13 -0500
Processing by SongsController#index as */*
  [1m[36mSong Load (0.5ms)[0m  [1m[34mSELECT "songs".* FROM "songs"[0m
  ↳ app/controllers/songs_controller.rb:8:in `index'
Completed 200 OK in 4ms (Views: 3.4ms | ActiveRecord: 0.5ms | Allocations: 998)


Started GET "/songs" for ::1 at 2020-11-16 12:20:07 -0500
Processing by SongsController#index as */*
  [1m[36mSong Load (0.4ms)[0m  [1m[34mSELECT "songs".* FROM "songs"[0m
  ↳ app/controllers/songs_controller.rb:8:in `index'
Completed 200 OK in 3ms (Views: 2.4ms | ActiveRecord: 0.4ms | Allocations: 999)


Started GET "/songs" for ::1 at 2020-11-16 12:20:16 -0500
Processing by SongsController#index as */*
  [1m[36mSong Load (0.6ms)[0m  [1m[34mSELECT "songs".* FROM "songs"[0m
  ↳ app/controllers/songs_controller.rb:8:in `index'
Completed 200 OK in 4ms (Views: 2.8ms | ActiveRecord: 0.6ms | Allocations: 998)


Started GET "/songs" for ::1 at 2020-11-16 12:20:36 -0500
Processing by SongsController#index as */*
  [1m[36mSong Load (0.6ms)[0m  [1m[34mSELECT "songs".* FROM "songs"[0m
  ↳ app/controllers/songs_controller.rb:8:in `index'
Completed 200 OK in 4ms (Views: 3.4ms | ActiveRecord: 0.6ms | Allocations: 998)


Started GET "/songs" for ::1 at 2020-11-16 12:20:41 -0500
Processing by SongsController#index as */*
  [1m[36mSong Load (2.4ms)[0m  [1m[34mSELECT "songs".* FROM "songs"[0m
  ↳ app/controllers/songs_controller.rb:8:in `index'
Completed 200 OK in 9ms (Views: 6.0ms | ActiveRecord: 2.4ms | Allocations: 998)


Started POST "/songs" for ::1 at 2020-11-16 12:21:00 -0500
Processing by SongsController#create as */*
  Parameters: {"title"=>"Boy With Luv", "artist"=>"BTS", "time"=>"3:33", "song"=>{"title"=>"Boy With Luv", "artist"=>"BTS", "time"=>"3:33"}}
Completed 500 Internal Server Error in 122ms (ActiveRecord: 0.0ms | Allocations: 60241)


  
NameError (undefined local variable or method `song' for #<SongsController:0x00007ff015ca34f8>
Did you mean?  @song):
  
app/controllers/songs_controller.rb:20:in `create'
Started GET "/songs" for ::1 at 2020-11-16 12:21:01 -0500
Processing by SongsController#index as */*
  [1m[36mSong Load (0.4ms)[0m  [1m[34mSELECT "songs".* FROM "songs"[0m
  ↳ app/controllers/songs_controller.rb:8:in `index'
Completed 200 OK in 2ms (Views: 1.5ms | ActiveRecord: 0.4ms | Allocations: 997)


Started GET "/songs" for ::1 at 2020-11-16 12:21:09 -0500
Processing by SongsController#index as */*
  [1m[36mSong Load (0.5ms)[0m  [1m[34mSELECT "songs".* FROM "songs"[0m
  ↳ app/controllers/songs_controller.rb:8:in `index'
Completed 200 OK in 4ms (Views: 3.5ms | ActiveRecord: 0.5ms | Allocations: 998)


Started DELETE "/songs/undefined" for ::1 at 2020-11-16 12:21:18 -0500
Processing by SongsController#destroy as */*
  Parameters: {"id"=>"undefined"}
  [1m[36mSong Load (0.4ms)[0m  [1m[34mSELECT "songs".* FROM "songs" WHERE "songs"."id" = $1 LIMIT $2[0m  [["id", nil], ["LIMIT", 1]]
  ↳ app/controllers/songs_controller.rb:43:in `set_song'
Completed 404 Not Found in 27ms (ActiveRecord: 0.9ms | Allocations: 2130)


  
ActiveRecord::RecordNotFound (Couldn't find Song with 'id'=undefined):
  
app/controllers/songs_controller.rb:43:in `set_song'
Started GET "/songs" for ::1 at 2020-11-16 12:21:18 -0500
Processing by SongsController#index as */*
  [1m[36mSong Load (0.5ms)[0m  [1m[34mSELECT "songs".* FROM "songs"[0m
  ↳ app/controllers/songs_controller.rb:8:in `index'
Completed 200 OK in 3ms (Views: 2.3ms | ActiveRecord: 0.5ms | Allocations: 997)


Started GET "/songs" for ::1 at 2020-11-16 12:21:51 -0500
Processing by SongsController#index as */*
  [1m[36mSong Load (0.8ms)[0m  [1m[34mSELECT "songs".* FROM "songs"[0m
  ↳ app/controllers/songs_controller.rb:8:in `index'
Completed 200 OK in 6ms (Views: 4.4ms | ActiveRecord: 0.8ms | Allocations: 998)


Started GET "/songs" for ::1 at 2020-11-16 12:22:24 -0500
Processing by SongsController#index as */*
  [1m[36mSong Load (0.7ms)[0m  [1m[34mSELECT "songs".* FROM "songs"[0m
  ↳ app/controllers/songs_controller.rb:8:in `index'
Completed 200 OK in 4ms (Views: 2.6ms | ActiveRecord: 0.7ms | Allocations: 998)


Started GET "/songs" for ::1 at 2020-11-16 12:22:27 -0500
Processing by SongsController#index as */*
  [1m[36mSong Load (0.9ms)[0m  [1m[34mSELECT "songs".* FROM "songs"[0m
  ↳ app/controllers/songs_controller.rb:8:in `index'
Completed 200 OK in 4ms (Views: 3.1ms | ActiveRecord: 0.9ms | Allocations: 999)


Started GET "/songs" for ::1 at 2020-11-16 12:24:51 -0500
Processing by SongsController#index as */*
  [1m[36mSong Load (1.2ms)[0m  [1m[34mSELECT "songs".* FROM "songs"[0m
  ↳ app/controllers/songs_controller.rb:8:in `index'
Completed 200 OK in 6ms (Views: 3.8ms | ActiveRecord: 1.2ms | Allocations: 998)


Started GET "/songs" for ::1 at 2020-11-16 12:25:03 -0500
Processing by SongsController#index as */*
  [1m[36mSong Load (0.5ms)[0m  [1m[34mSELECT "songs".* FROM "songs"[0m
  ↳ app/controllers/songs_controller.rb:8:in `index'
Completed 200 OK in 3ms (Views: 2.0ms | ActiveRecord: 0.5ms | Allocations: 998)


Started GET "/songs" for ::1 at 2020-11-16 12:25:14 -0500
Processing by SongsController#index as */*
  [1m[36mSong Load (0.4ms)[0m  [1m[34mSELECT "songs".* FROM "songs"[0m
  ↳ app/controllers/songs_controller.rb:8:in `index'
Completed 200 OK in 3ms (Views: 1.9ms | ActiveRecord: 0.4ms | Allocations: 998)


Started GET "/songs" for ::1 at 2020-11-16 12:25:21 -0500
Processing by SongsController#index as */*
  [1m[36mSong Load (0.9ms)[0m  [1m[34mSELECT "songs".* FROM "songs"[0m
  ↳ app/controllers/songs_controller.rb:8:in `index'
Completed 200 OK in 4ms (Views: 2.9ms | ActiveRecord: 0.9ms | Allocations: 998)


Started DELETE "/songs/1" for ::1 at 2020-11-16 12:25:23 -0500
Processing by SongsController#destroy as */*
  Parameters: {"id"=>"1"}
  [1m[36mSong Load (1.0ms)[0m  [1m[34mSELECT "songs".* FROM "songs" WHERE "songs"."id" = $1 LIMIT $2[0m  [["id", 1], ["LIMIT", 1]]
  ↳ app/controllers/songs_controller.rb:43:in `set_song'
  [1m[36mCACHE Song Load (0.0ms)[0m  [1m[34mSELECT "songs".* FROM "songs" WHERE "songs"."id" = $1 LIMIT $2[0m  [["id", 1], ["LIMIT", 1]]
  ↳ app/controllers/songs_controller.rb:36:in `destroy'
  [1m[35m (0.3ms)[0m  [1m[35mBEGIN[0m
  ↳ app/controllers/songs_controller.rb:36:in `destroy'
  [1m[36mSong Destroy (1.0ms)[0m  [1m[31mDELETE FROM "songs" WHERE "songs"."id" = $1[0m  [["id", 1]]
  ↳ app/controllers/songs_controller.rb:36:in `destroy'
  [1m[35m (2.2ms)[0m  [1m[35mCOMMIT[0m
  ↳ app/controllers/songs_controller.rb:36:in `destroy'
Completed 204 No Content in 14ms (Views: 0.1ms | ActiveRecord: 4.5ms | Allocations: 2972)


Started GET "/songs" for ::1 at 2020-11-16 12:25:23 -0500
Processing by SongsController#index as */*
  [1m[36mSong Load (0.4ms)[0m  [1m[34mSELECT "songs".* FROM "songs"[0m
  ↳ app/controllers/songs_controller.rb:8:in `index'
Completed 200 OK in 3ms (Views: 2.0ms | ActiveRecord: 0.4ms | Allocations: 878)


Started POST "/songs" for ::1 at 2020-11-16 12:26:18 -0500
Processing by SongsController#create as */*
  Parameters: {"title"=>"Dynamite", "artist"=>"BTS", "time"=>"3:44", "song"=>{"title"=>"Dynamite", "artist"=>"BTS", "time"=>"3:44"}}
Completed 500 Internal Server Error in 95ms (ActiveRecord: 0.0ms | Allocations: 60190)


  
NameError (undefined local variable or method `song' for #<SongsController:0x00007ff01922e398>
Did you mean?  @song):
  
app/controllers/songs_controller.rb:20:in `create'
Started GET "/songs" for ::1 at 2020-11-16 12:26:18 -0500
Processing by SongsController#index as */*
  [1m[36mSong Load (0.5ms)[0m  [1m[34mSELECT "songs".* FROM "songs"[0m
  ↳ app/controllers/songs_controller.rb:8:in `index'
Completed 200 OK in 3ms (Views: 1.8ms | ActiveRecord: 0.5ms | Allocations: 877)


Started GET "/songs" for ::1 at 2020-11-16 12:26:46 -0500
Processing by SongsController#index as */*
  [1m[36mSong Load (0.4ms)[0m  [1m[34mSELECT "songs".* FROM "songs"[0m
  ↳ app/controllers/songs_controller.rb:8:in `index'
Completed 200 OK in 2ms (Views: 1.1ms | ActiveRecord: 0.4ms | Allocations: 878)


Started POST "/songs" for ::1 at 2020-11-16 12:26:48 -0500
Processing by SongsController#create as */*
Completed 400 Bad Request in 0ms (ActiveRecord: 0.0ms | Allocations: 120)


  
ActionController::ParameterMissing (param is missing or the value is empty: song):
  
app/controllers/songs_controller.rb:48:in `song_params'
app/controllers/songs_controller.rb:18:in `create'
Started GET "/songs" for ::1 at 2020-11-16 12:26:48 -0500
Processing by SongsController#index as */*
  [1m[36mSong Load (0.5ms)[0m  [1m[34mSELECT "songs".* FROM "songs"[0m
  ↳ app/controllers/songs_controller.rb:8:in `index'
Completed 200 OK in 2ms (Views: 1.7ms | ActiveRecord: 0.5ms | Allocations: 877)


Started GET "/songs" for ::1 at 2020-11-16 12:30:41 -0500
Processing by SongsController#index as */*
  [1m[36mSong Load (0.3ms)[0m  [1m[34mSELECT "songs".* FROM "songs"[0m
  ↳ app/controllers/songs_controller.rb:8:in `index'
Completed 200 OK in 2ms (Views: 1.8ms | ActiveRecord: 0.3ms | Allocations: 878)


Started POST "/songs" for ::1 at 2020-11-16 12:30:44 -0500
Processing by SongsController#create as */*
  Parameters: {"title"=>"Dynamite", "artist"=>"BTS", "time"=>"3:44", "song"=>{"title"=>"Dynamite", "artist"=>"BTS", "time"=>"3:44"}}
Completed 500 Internal Server Error in 102ms (ActiveRecord: 0.0ms | Allocations: 60189)


  
NameError (undefined local variable or method `song' for #<SongsController:0x00007ff015efa440>
Did you mean?  @song):
  
app/controllers/songs_controller.rb:20:in `create'
Started GET "/songs" for ::1 at 2020-11-16 12:30:45 -0500
Processing by SongsController#index as */*
  [1m[36mSong Load (0.3ms)[0m  [1m[34mSELECT "songs".* FROM "songs"[0m
  ↳ app/controllers/songs_controller.rb:8:in `index'
Completed 200 OK in 3ms (Views: 2.1ms | ActiveRecord: 0.3ms | Allocations: 877)


Started POST "/songs" for ::1 at 2020-11-16 12:30:46 -0500
Processing by SongsController#create as */*
  Parameters: {"title"=>"Dynamite", "artist"=>"BTS", "time"=>"3:44", "song"=>{"title"=>"Dynamite", "artist"=>"BTS", "time"=>"3:44"}}
Completed 500 Internal Server Error in 99ms (ActiveRecord: 0.0ms | Allocations: 60190)


  
NameError (undefined local variable or method `song' for #<SongsController:0x00007ff01ea403d8>
Did you mean?  @song):
  
app/controllers/songs_controller.rb:20:in `create'
Started GET "/songs" for ::1 at 2020-11-16 12:30:46 -0500
Processing by SongsController#index as */*
  [1m[36mSong Load (0.3ms)[0m  [1m[34mSELECT "songs".* FROM "songs"[0m
  ↳ app/controllers/songs_controller.rb:8:in `index'
Completed 200 OK in 2ms (Views: 1.2ms | ActiveRecord: 0.3ms | Allocations: 877)


Started GET "/songs" for ::1 at 2020-11-16 12:32:30 -0500
Processing by SongsController#index as */*
  [1m[36mSong Load (0.5ms)[0m  [1m[34mSELECT "songs".* FROM "songs"[0m
  ↳ app/controllers/songs_controller.rb:8:in `index'
Completed 200 OK in 7ms (Views: 5.3ms | ActiveRecord: 0.5ms | Allocations: 879)


Started POST "/songs" for ::1 at 2020-11-16 12:36:32 -0500
Processing by SongsController#create as */*
  Parameters: {"title"=>"Laugh Now Cry Later", "artist"=>"Drake ft. Lil Durk", "time"=>"4:22", "song"=>{"title"=>"Laugh Now Cry Later", "artist"=>"Drake ft. Lil Durk", "time"=>"4:22"}}
Completed 500 Internal Server Error in 373ms (ActiveRecord: 0.0ms | Allocations: 60155)


  
NameError (undefined local variable or method `song' for #<SongsController:0x00007ff01850a9a0>
Did you mean?  @song):
  
app/controllers/songs_controller.rb:20:in `create'
Started POST "/songs" for ::1 at 2020-11-16 12:37:50 -0500
Processing by SongsController#create as */*
  Parameters: {"title"=>"Laugh Now Cry Later", "artist"=>"Drake ft. Lil Durk", "time"=>"4:22", "song"=>{"title"=>"Laugh Now Cry Later", "artist"=>"Drake ft. Lil Durk", "time"=>"4:22"}}
  [1m[35m (0.2ms)[0m  [1m[35mBEGIN[0m
  ↳ app/controllers/songs_controller.rb:20:in `create'
  [1m[36mSong Create (2.3ms)[0m  [1m[32mINSERT INTO "songs" ("title", "artist", "time", "created_at", "updated_at") VALUES ($1, $2, $3, $4, $5) RETURNING "id"[0m  [["title", "Laugh Now Cry Later"], ["artist", "Drake ft. Lil Durk"], ["time", "4:22"], ["created_at", "2020-11-16 17:37:50.865691"], ["updated_at", "2020-11-16 17:37:50.865691"]]
  ↳ app/controllers/songs_controller.rb:20:in `create'
  [1m[35m (1.0ms)[0m  [1m[35mCOMMIT[0m
  ↳ app/controllers/songs_controller.rb:20:in `create'
Completed 201 Created in 22ms (Views: 0.7ms | ActiveRecord: 21.5ms | Allocations: 5429)


Started GET "/songs" for ::1 at 2020-11-16 12:38:06 -0500
Processing by SongsController#index as */*
  [1m[36mSong Load (0.8ms)[0m  [1m[34mSELECT "songs".* FROM "songs"[0m
  ↳ app/controllers/songs_controller.rb:8:in `index'
Completed 200 OK in 5ms (Views: 4.0ms | ActiveRecord: 0.8ms | Allocations: 1012)


Started POST "/songs" for ::1 at 2020-11-16 12:38:47 -0500
Processing by SongsController#create as */*
  Parameters: {"title"=>"Dynamite", "artist"=>"BTS", "time"=>"3:44", "song"=>{"title"=>"Dynamite", "artist"=>"BTS", "time"=>"3:44"}}
  [1m[35m (0.4ms)[0m  [1m[35mBEGIN[0m
  ↳ app/controllers/songs_controller.rb:20:in `create'
  [1m[36mSong Create (0.9ms)[0m  [1m[32mINSERT INTO "songs" ("title", "artist", "time", "created_at", "updated_at") VALUES ($1, $2, $3, $4, $5) RETURNING "id"[0m  [["title", "Dynamite"], ["artist", "BTS"], ["time", "3:44"], ["created_at", "2020-11-16 17:38:47.495932"], ["updated_at", "2020-11-16 17:38:47.495932"]]
  ↳ app/controllers/songs_controller.rb:20:in `create'
  [1m[35m (0.7ms)[0m  [1m[35mCOMMIT[0m
  ↳ app/controllers/songs_controller.rb:20:in `create'
Completed 201 Created in 10ms (Views: 0.7ms | ActiveRecord: 2.0ms | Allocations: 2515)


Started GET "/songs" for ::1 at 2020-11-16 12:38:47 -0500
Processing by SongsController#index as */*
  [1m[36mSong Load (0.5ms)[0m  [1m[34mSELECT "songs".* FROM "songs"[0m
  ↳ app/controllers/songs_controller.rb:8:in `index'
Completed 200 OK in 5ms (Views: 4.2ms | ActiveRecord: 0.5ms | Allocations: 1118)


Started POST "/songs" for ::1 at 2020-11-16 12:40:10 -0500
Processing by SongsController#create as */*
  Parameters: {"title"=>"Stitches", "artist"=>"Shawn Mendes", "time"=>"3:30", "song"=>{"title"=>"Stitches", "artist"=>"Shawn Mendes", "time"=>"3:30"}}
  [1m[35m (0.3ms)[0m  [1m[35mBEGIN[0m
  ↳ app/controllers/songs_controller.rb:20:in `create'
  [1m[36mSong Create (0.7ms)[0m  [1m[32mINSERT INTO "songs" ("title", "artist", "time", "created_at", "updated_at") VALUES ($1, $2, $3, $4, $5) RETURNING "id"[0m  [["title", "Stitches"], ["artist", "Shawn Mendes"], ["time", "3:30"], ["created_at", "2020-11-16 17:40:10.148232"], ["updated_at", "2020-11-16 17:40:10.148232"]]
  ↳ app/controllers/songs_controller.rb:20:in `create'
  [1m[35m (1.0ms)[0m  [1m[35mCOMMIT[0m
  ↳ app/controllers/songs_controller.rb:20:in `create'
Completed 201 Created in 8ms (Views: 0.6ms | ActiveRecord: 2.0ms | Allocations: 2515)


Started GET "/songs" for ::1 at 2020-11-16 12:40:10 -0500
Processing by SongsController#index as */*
  [1m[36mSong Load (0.5ms)[0m  [1m[34mSELECT "songs".* FROM "songs"[0m
  ↳ app/controllers/songs_controller.rb:8:in `index'
Completed 200 OK in 4ms (Views: 3.0ms | ActiveRecord: 0.5ms | Allocations: 1238)


Started GET "/songs" for ::1 at 2020-11-16 12:45:43 -0500
Processing by SongsController#index as */*
  [1m[36mSong Load (1.4ms)[0m  [1m[34mSELECT "songs".* FROM "songs"[0m
  ↳ app/controllers/songs_controller.rb:8:in `index'
Completed 200 OK in 21ms (Views: 14.3ms | ActiveRecord: 1.4ms | Allocations: 1312)


Started GET "/songs" for ::1 at 2020-11-16 12:46:43 -0500
Processing by SongsController#index as */*
  [1m[36mSong Load (1.4ms)[0m  [1m[34mSELECT "songs".* FROM "songs"[0m
  ↳ app/controllers/songs_controller.rb:8:in `index'
Completed 200 OK in 9ms (Views: 7.1ms | ActiveRecord: 1.4ms | Allocations: 1238)


Started GET "/songs" for ::1 at 2020-11-16 12:47:08 -0500
Processing by SongsController#index as */*
  [1m[36mSong Load (1.7ms)[0m  [1m[34mSELECT "songs".* FROM "songs"[0m
  ↳ app/controllers/songs_controller.rb:8:in `index'
Completed 200 OK in 11ms (Views: 9.1ms | ActiveRecord: 1.7ms | Allocations: 1238)


Started GET "/songs" for ::1 at 2020-11-16 12:52:32 -0500
Processing by SongsController#index as */*
  [1m[36mSong Load (0.8ms)[0m  [1m[34mSELECT "songs".* FROM "songs"[0m
  ↳ app/controllers/songs_controller.rb:8:in `index'
Completed 200 OK in 14ms (Views: 10.9ms | ActiveRecord: 0.8ms | Allocations: 1238)


Started GET "/songs" for ::1 at 2020-11-16 12:57:48 -0500
Processing by SongsController#index as */*
  [1m[36mSong Load (3.2ms)[0m  [1m[34mSELECT "songs".* FROM "songs"[0m
  ↳ app/controllers/songs_controller.rb:8:in `index'
Completed 200 OK in 13ms (Views: 8.5ms | ActiveRecord: 3.2ms | Allocations: 1312)


Started GET "/songs" for ::1 at 2020-11-16 12:57:48 -0500
Processing by SongsController#index as */*
  [1m[36mSong Load (0.5ms)[0m  [1m[34mSELECT "songs".* FROM "songs"[0m
  ↳ app/controllers/songs_controller.rb:8:in `index'
Completed 200 OK in 5ms (Views: 3.9ms | ActiveRecord: 0.5ms | Allocations: 1238)


Started GET "/songs" for ::1 at 2020-11-16 12:57:48 -0500
Processing by SongsController#index as */*
  [1m[36mSong Load (0.4ms)[0m  [1m[34mSELECT "songs".* FROM "songs"[0m
  ↳ app/controllers/songs_controller.rb:8:in `index'
Completed 200 OK in 5ms (Views: 3.9ms | ActiveRecord: 0.4ms | Allocations: 1238)


Started GET "/songs" for ::1 at 2020-11-16 12:57:49 -0500
Processing by SongsController#index as */*
  [1m[36mSong Load (0.6ms)[0m  [1m[34mSELECT "songs".* FROM "songs"[0m
  ↳ app/controllers/songs_controller.rb:8:in `index'
Completed 200 OK in 8ms (Views: 7.3ms | ActiveRecord: 0.6ms | Allocations: 1238)


Started GET "/songs" for ::1 at 2020-11-16 12:57:49 -0500
Processing by SongsController#index as */*
  [1m[36mSong Load (0.7ms)[0m  [1m[34mSELECT "songs".* FROM "songs"[0m
  ↳ app/controllers/songs_controller.rb:8:in `index'
Completed 200 OK in 53ms (Views: 51.6ms | ActiveRecord: 0.7ms | Allocations: 1239)


Started GET "/songs" for ::1 at 2020-11-16 12:57:49 -0500
Processing by SongsController#index as */*
  [1m[36mSong Load (0.7ms)[0m  [1m[34mSELECT "songs".* FROM "songs"[0m
  ↳ app/controllers/songs_controller.rb:8:in `index'
Completed 200 OK in 4ms (Views: 2.8ms | ActiveRecord: 0.7ms | Allocations: 1238)


Started GET "/songs" for ::1 at 2020-11-16 12:57:49 -0500
Processing by SongsController#index as */*
  [1m[36mSong Load (0.7ms)[0m  [1m[34mSELECT "songs".* FROM "songs"[0m
  ↳ app/controllers/songs_controller.rb:8:in `index'
Completed 200 OK in 5ms (Views: 3.5ms | ActiveRecord: 0.7ms | Allocations: 1238)


Started GET "/songs" for ::1 at 2020-11-16 12:57:49 -0500
Processing by SongsController#index as */*
  [1m[36mSong Load (2.1ms)[0m  [1m[34mSELECT "songs".* FROM "songs"[0m
  ↳ app/controllers/songs_controller.rb:8:in `index'
Completed 200 OK in 8ms (Views: 5.2ms | ActiveRecord: 2.1ms | Allocations: 1238)


Started GET "/songs" for ::1 at 2020-11-16 12:57:49 -0500
Processing by SongsController#index as */*
  [1m[36mSong Load (0.5ms)[0m  [1m[34mSELECT "songs".* FROM "songs"[0m
  ↳ app/controllers/songs_controller.rb:8:in `index'
Completed 200 OK in 4ms (Views: 3.5ms | ActiveRecord: 0.5ms | Allocations: 1239)


Started GET "/songs" for ::1 at 2020-11-16 12:57:50 -0500
Processing by SongsController#index as */*
  [1m[36mSong Load (1.1ms)[0m  [1m[34mSELECT "songs".* FROM "songs"[0m
  ↳ app/controllers/songs_controller.rb:8:in `index'
Completed 200 OK in 5ms (Views: 3.3ms | ActiveRecord: 1.1ms | Allocations: 1238)


Started GET "/songs" for ::1 at 2020-11-16 12:57:50 -0500
Processing by SongsController#index as */*
  [1m[36mSong Load (0.7ms)[0m  [1m[34mSELECT "songs".* FROM "songs"[0m
  ↳ app/controllers/songs_controller.rb:8:in `index'
Completed 200 OK in 4ms (Views: 2.8ms | ActiveRecord: 0.7ms | Allocations: 1238)


Started GET "/songs" for ::1 at 2020-11-16 12:57:50 -0500
Processing by SongsController#index as */*
  [1m[36mSong Load (0.8ms)[0m  [1m[34mSELECT "songs".* FROM "songs"[0m
  ↳ app/controllers/songs_controller.rb:8:in `index'
Completed 200 OK in 8ms (Views: 6.7ms | ActiveRecord: 0.8ms | Allocations: 1238)


Started GET "/songs" for ::1 at 2020-11-16 12:57:51 -0500
Processing by SongsController#index as */*
  [1m[36mSong Load (0.8ms)[0m  [1m[34mSELECT "songs".* FROM "songs"[0m
  ↳ app/controllers/songs_controller.rb:8:in `index'
Completed 200 OK in 6ms (Views: 4.5ms | ActiveRecord: 0.8ms | Allocations: 1238)


Started GET "/songs" for ::1 at 2020-11-16 12:57:51 -0500
Processing by SongsController#index as */*
  [1m[36mSong Load (0.8ms)[0m  [1m[34mSELECT "songs".* FROM "songs"[0m
  ↳ app/controllers/songs_controller.rb:8:in `index'
Completed 200 OK in 10ms (Views: 8.5ms | ActiveRecord: 0.8ms | Allocations: 1238)


Started GET "/songs" for ::1 at 2020-11-16 12:57:51 -0500
Processing by SongsController#index as */*
  [1m[36mSong Load (0.6ms)[0m  [1m[34mSELECT "songs".* FROM "songs"[0m
  ↳ app/controllers/songs_controller.rb:8:in `index'
Completed 200 OK in 7ms (Views: 5.7ms | ActiveRecord: 0.6ms | Allocations: 1238)


Started GET "/songs" for ::1 at 2020-11-16 12:57:51 -0500
Processing by SongsController#index as */*
  [1m[36mSong Load (0.7ms)[0m  [1m[34mSELECT "songs".* FROM "songs"[0m
  ↳ app/controllers/songs_controller.rb:8:in `index'
Completed 200 OK in 4ms (Views: 3.3ms | ActiveRecord: 0.7ms | Allocations: 1238)


Started GET "/songs" for ::1 at 2020-11-16 12:58:15 -0500
Processing by SongsController#index as */*
  [1m[36mSong Load (0.4ms)[0m  [1m[34mSELECT "songs".* FROM "songs"[0m
  ↳ app/controllers/songs_controller.rb:8:in `index'
Completed 200 OK in 2ms (Views: 1.9ms | ActiveRecord: 0.4ms | Allocations: 1238)


Started GET "/songs" for ::1 at 2020-11-16 13:01:20 -0500
Processing by SongsController#index as */*
  [1m[36mSong Load (2.1ms)[0m  [1m[34mSELECT "songs".* FROM "songs"[0m
  ↳ app/controllers/songs_controller.rb:8:in `index'
Completed 200 OK in 36ms (Views: 28.3ms | ActiveRecord: 2.1ms | Allocations: 1238)


Started GET "/songs" for ::1 at 2020-11-16 13:02:07 -0500
Processing by SongsController#index as */*
  [1m[36mSong Load (0.5ms)[0m  [1m[34mSELECT "songs".* FROM "songs"[0m
  ↳ app/controllers/songs_controller.rb:8:in `index'
Completed 200 OK in 3ms (Views: 2.7ms | ActiveRecord: 0.5ms | Allocations: 1238)


Started GET "/songs" for ::1 at 2020-11-16 13:02:29 -0500
Processing by SongsController#index as */*
  [1m[36mSong Load (0.7ms)[0m  [1m[34mSELECT "songs".* FROM "songs"[0m
  ↳ app/controllers/songs_controller.rb:8:in `index'
Completed 200 OK in 7ms (Views: 5.4ms | ActiveRecord: 0.7ms | Allocations: 1238)


Started GET "/songs" for ::1 at 2020-11-16 13:02:30 -0500
Processing by SongsController#index as */*
  [1m[36mSong Load (0.4ms)[0m  [1m[34mSELECT "songs".* FROM "songs"[0m
  ↳ app/controllers/songs_controller.rb:8:in `index'
Completed 200 OK in 3ms (Views: 2.4ms | ActiveRecord: 0.4ms | Allocations: 1238)


Started GET "/songs" for ::1 at 2020-11-16 13:02:32 -0500
Processing by SongsController#index as */*
  [1m[36mSong Load (0.8ms)[0m  [1m[34mSELECT "songs".* FROM "songs"[0m
  ↳ app/controllers/songs_controller.rb:8:in `index'
Completed 200 OK in 8ms (Views: 6.5ms | ActiveRecord: 0.8ms | Allocations: 1238)


Started GET "/songs" for ::1 at 2020-11-16 13:04:39 -0500
Processing by SongsController#index as */*
  [1m[36mSong Load (0.8ms)[0m  [1m[34mSELECT "songs".* FROM "songs"[0m
  ↳ app/controllers/songs_controller.rb:8:in `index'
Completed 200 OK in 7ms (Views: 5.6ms | ActiveRecord: 0.8ms | Allocations: 1238)


Started GET "/songs" for ::1 at 2020-11-16 13:05:43 -0500
Processing by SongsController#index as */*
  [1m[36mSong Load (0.4ms)[0m  [1m[34mSELECT "songs".* FROM "songs"[0m
  ↳ app/controllers/songs_controller.rb:8:in `index'
Completed 200 OK in 4ms (Views: 3.0ms | ActiveRecord: 0.4ms | Allocations: 1238)


Started GET "/songs" for ::1 at 2020-11-16 13:05:51 -0500
Processing by SongsController#index as */*
  [1m[36mSong Load (1.1ms)[0m  [1m[34mSELECT "songs".* FROM "songs"[0m
  ↳ app/controllers/songs_controller.rb:8:in `index'
Completed 200 OK in 6ms (Views: 4.0ms | ActiveRecord: 1.1ms | Allocations: 1238)


Started GET "/songs" for ::1 at 2020-11-16 13:05:53 -0500
Processing by SongsController#index as */*
  [1m[36mSong Load (0.9ms)[0m  [1m[34mSELECT "songs".* FROM "songs"[0m
  ↳ app/controllers/songs_controller.rb:8:in `index'
Completed 200 OK in 9ms (Views: 7.2ms | ActiveRecord: 0.9ms | Allocations: 1238)


Started PUT "/songsundefined" for ::1 at 2020-11-16 13:06:58 -0500
  
ActionController::RoutingError (No route matches [PUT] "/songsundefined"):
  
actionpack (6.0.3.4) lib/action_dispatch/middleware/debug_exceptions.rb:36:in `call'
actionpack (6.0.3.4) lib/action_dispatch/middleware/show_exceptions.rb:33:in `call'
railties (6.0.3.4) lib/rails/rack/logger.rb:37:in `call_app'
railties (6.0.3.4) lib/rails/rack/logger.rb:26:in `block in call'
activesupport (6.0.3.4) lib/active_support/tagged_logging.rb:80:in `block in tagged'
activesupport (6.0.3.4) lib/active_support/tagged_logging.rb:28:in `tagged'
activesupport (6.0.3.4) lib/active_support/tagged_logging.rb:80:in `tagged'
railties (6.0.3.4) lib/rails/rack/logger.rb:26:in `call'
actionpack (6.0.3.4) lib/action_dispatch/middleware/remote_ip.rb:81:in `call'
actionpack (6.0.3.4) lib/action_dispatch/middleware/request_id.rb:27:in `call'
rack (2.2.3) lib/rack/runtime.rb:22:in `call'
activesupport (6.0.3.4) lib/active_support/cache/strategy/local_cache_middleware.rb:29:in `call'
actionpack (6.0.3.4) lib/action_dispatch/middleware/executor.rb:14:in `call'
actionpack (6.0.3.4) lib/action_dispatch/middleware/static.rb:126:in `call'
rack (2.2.3) lib/rack/sendfile.rb:110:in `call'
actionpack (6.0.3.4) lib/action_dispatch/middleware/host_authorization.rb:82:in `call'
rack-cors (1.1.1) lib/rack/cors.rb:100:in `call'
railties (6.0.3.4) lib/rails/engine.rb:527:in `call'
puma (4.3.6) lib/puma/configuration.rb:228:in `call'
puma (4.3.6) lib/puma/server.rb:713:in `handle_request'
puma (4.3.6) lib/puma/server.rb:472:in `process_client'
puma (4.3.6) lib/puma/server.rb:328:in `block in run'
puma (4.3.6) lib/puma/thread_pool.rb:134:in `block in spawn_thread'
Started GET "/songs" for ::1 at 2020-11-16 13:07:46 -0500
Processing by SongsController#index as */*
  [1m[36mSong Load (0.5ms)[0m  [1m[34mSELECT "songs".* FROM "songs"[0m
  ↳ app/controllers/songs_controller.rb:8:in `index'
Completed 200 OK in 4ms (Views: 3.2ms | ActiveRecord: 0.5ms | Allocations: 1237)


Started GET "/songs" for ::1 at 2020-11-16 13:07:49 -0500
Processing by SongsController#index as */*
  [1m[36mSong Load (2.5ms)[0m  [1m[34mSELECT "songs".* FROM "songs"[0m
  ↳ app/controllers/songs_controller.rb:8:in `index'
Completed 200 OK in 8ms (Views: 4.9ms | ActiveRecord: 2.5ms | Allocations: 1238)


Started PUT "/songs/undefined" for ::1 at 2020-11-16 13:08:11 -0500
Processing by SongsController#update as */*
  Parameters: {"history"=>{"length"=>2, "action"=>"PUSH", "location"=>{"pathname"=>"/songs/edit", "search"=>"", "hash"=>"", "key"=>"muvyr2"}}, "location"=>{"pathname"=>"/songs/edit", "search"=>"", "hash"=>"", "key"=>"muvyr2"}, "match"=>{"path"=>"/songs/edit", "url"=>"/songs/edit", "isExact"=>true, "params"=>{}}, "label"=>"edit", "song"=>{"selectedSong"=>{"id"=>2, "title"=>"Laugh Now Cry Later", "artist"=>"Drake ft. Lil Durk", "time"=>"4:22", "created_at"=>"2020-11-16T17:37:50.865Z", "updated_at"=>"2020-11-16T17:37:50.865Z"}}, "title"=>"Laugh Now Cry Later", "artist"=>"Drake", "time"=>"4:22", "id"=>"undefined"}
  [1m[36mSong Load (0.6ms)[0m  [1m[34mSELECT "songs".* FROM "songs" WHERE "songs"."id" = $1 LIMIT $2[0m  [["id", nil], ["LIMIT", 1]]
  ↳ app/controllers/songs_controller.rb:43:in `set_song'
Completed 404 Not Found in 5ms (ActiveRecord: 1.0ms | Allocations: 815)


  
ActiveRecord::RecordNotFound (Couldn't find Song with 'id'=undefined):
  
app/controllers/songs_controller.rb:43:in `set_song'
Started GET "/songs" for ::1 at 2020-11-16 13:08:20 -0500
Processing by SongsController#index as */*
  [1m[36mSong Load (0.6ms)[0m  [1m[34mSELECT "songs".* FROM "songs"[0m
  ↳ app/controllers/songs_controller.rb:8:in `index'
Completed 200 OK in 4ms (Views: 3.1ms | ActiveRecord: 0.6ms | Allocations: 1237)


Started GET "/songs" for ::1 at 2020-11-16 13:08:30 -0500
Processing by SongsController#index as */*
  [1m[36mSong Load (0.8ms)[0m  [1m[34mSELECT "songs".* FROM "songs"[0m
  ↳ app/controllers/songs_controller.rb:8:in `index'
Completed 200 OK in 5ms (Views: 3.6ms | ActiveRecord: 0.8ms | Allocations: 1238)


Started GET "/songs" for ::1 at 2020-11-16 13:08:34 -0500
Processing by SongsController#index as */*
  [1m[36mSong Load (0.9ms)[0m  [1m[34mSELECT "songs".* FROM "songs"[0m
  ↳ app/controllers/songs_controller.rb:8:in `index'
Completed 200 OK in 4ms (Views: 2.8ms | ActiveRecord: 0.9ms | Allocations: 1238)


Started GET "/songs" for ::1 at 2020-11-16 13:08:47 -0500
Processing by SongsController#index as */*
  [1m[36mSong Load (0.9ms)[0m  [1m[34mSELECT "songs".* FROM "songs"[0m
  ↳ app/controllers/songs_controller.rb:8:in `index'
Completed 200 OK in 5ms (Views: 3.5ms | ActiveRecord: 0.9ms | Allocations: 1238)


Started GET "/songs" for ::1 at 2020-11-16 13:12:21 -0500
Processing by SongsController#index as */*
  [1m[36mSong Load (1.6ms)[0m  [1m[34mSELECT "songs".* FROM "songs"[0m
  ↳ app/controllers/songs_controller.rb:8:in `index'
Completed 200 OK in 10ms (Views: 7.7ms | ActiveRecord: 1.6ms | Allocations: 1238)


Started GET "/songs" for ::1 at 2020-11-16 13:12:58 -0500
Processing by SongsController#index as */*
  [1m[36mSong Load (0.7ms)[0m  [1m[34mSELECT "songs".* FROM "songs"[0m
  ↳ app/controllers/songs_controller.rb:8:in `index'
Completed 200 OK in 7ms (Views: 5.5ms | ActiveRecord: 0.7ms | Allocations: 1238)


Started PUT "/songs/undefined" for ::1 at 2020-11-16 13:13:16 -0500
Processing by SongsController#update as */*
  Parameters: {"history"=>{"length"=>7, "action"=>"PUSH", "location"=>{"pathname"=>"/songs/edit", "search"=>"", "hash"=>"", "key"=>"rkm10l"}}, "location"=>{"pathname"=>"/songs/edit", "search"=>"", "hash"=>"", "key"=>"rkm10l"}, "match"=>{"path"=>"/songs/edit", "url"=>"/songs/edit", "isExact"=>true, "params"=>{}}, "label"=>"edit", "song"=>{"selectedSong"=>{"id"=>2, "title"=>"Laugh Now Cry Later", "artist"=>"Drake ft. Lil Durk", "time"=>"4:22", "created_at"=>"2020-11-16T17:37:50.865Z", "updated_at"=>"2020-11-16T17:37:50.865Z"}}, "artist"=>"Drake ft. Lil Dur", "id"=>"undefined"}
  [1m[36mSong Load (0.7ms)[0m  [1m[34mSELECT "songs".* FROM "songs" WHERE "songs"."id" = $1 LIMIT $2[0m  [["id", nil], ["LIMIT", 1]]
  ↳ app/controllers/songs_controller.rb:43:in `set_song'
Completed 404 Not Found in 4ms (ActiveRecord: 0.7ms | Allocations: 676)


  
ActiveRecord::RecordNotFound (Couldn't find Song with 'id'=undefined):
  
app/controllers/songs_controller.rb:43:in `set_song'
Started GET "/songs" for ::1 at 2020-11-16 13:14:14 -0500
Processing by SongsController#index as */*
  [1m[36mSong Load (0.5ms)[0m  [1m[34mSELECT "songs".* FROM "songs"[0m
  ↳ app/controllers/songs_controller.rb:8:in `index'
Completed 200 OK in 3ms (Views: 2.3ms | ActiveRecord: 0.5ms | Allocations: 1238)


Started GET "/songs" for ::1 at 2020-11-16 13:14:42 -0500
Processing by SongsController#index as */*
  [1m[36mSong Load (0.5ms)[0m  [1m[34mSELECT "songs".* FROM "songs"[0m
  ↳ app/controllers/songs_controller.rb:8:in `index'
Completed 200 OK in 2ms (Views: 1.7ms | ActiveRecord: 0.5ms | Allocations: 1238)


Started PUT "/songs/2" for ::1 at 2020-11-16 13:15:33 -0500
Processing by SongsController#update as */*
  Parameters: {"history"=>{"length"=>9, "action"=>"PUSH", "location"=>{"pathname"=>"/songs/edit", "search"=>"", "hash"=>"", "key"=>"4ip22a"}}, "location"=>{"pathname"=>"/songs/edit", "search"=>"", "hash"=>"", "key"=>"4ip22a"}, "match"=>{"path"=>"/songs/edit", "url"=>"/songs/edit", "isExact"=>true, "params"=>{}}, "label"=>"edit", "song"=>{"selectedSong"=>{"id"=>2, "title"=>"Laugh Now Cry Later", "artist"=>"Drake ft. Lil Durk", "time"=>"4:22", "created_at"=>"2020-11-16T17:37:50.865Z", "updated_at"=>"2020-11-16T17:37:50.865Z"}}, "time"=>"4:2", "artist"=>"Drake", "id"=>"2"}
  [1m[36mSong Load (0.7ms)[0m  [1m[34mSELECT "songs".* FROM "songs" WHERE "songs"."id" = $1 LIMIT $2[0m  [["id", 2], ["LIMIT", 1]]
  ↳ app/controllers/songs_controller.rb:43:in `set_song'
  [1m[36mCACHE Song Load (0.0ms)[0m  [1m[34mSELECT "songs".* FROM "songs" WHERE "songs"."id" = $1 LIMIT $2[0m  [["id", 2], ["LIMIT", 1]]
  ↳ app/controllers/songs_controller.rb:29:in `update'
[31mUnpermitted parameter: :selectedSong[0m
Completed 200 OK in 5ms (Views: 0.3ms | ActiveRecord: 0.8ms | Allocations: 1448)


Started GET "/songs" for ::1 at 2020-11-16 13:16:24 -0500
Processing by SongsController#index as */*
  [1m[36mSong Load (1.5ms)[0m  [1m[34mSELECT "songs".* FROM "songs"[0m
  ↳ app/controllers/songs_controller.rb:8:in `index'
Completed 200 OK in 6ms (Views: 3.6ms | ActiveRecord: 1.5ms | Allocations: 1240)


Started POST "/songs" for ::1 at 2020-11-16 13:17:17 -0500
Processing by SongsController#create as */*
  Parameters: {"title"=>"A Poem Called You", "artist"=>"Taeyeon", "time"=>"3:29", "song"=>{"title"=>"A Poem Called You", "artist"=>"Taeyeon", "time"=>"3:29"}}
  [1m[35m (0.3ms)[0m  [1m[35mBEGIN[0m
  ↳ app/controllers/songs_controller.rb:20:in `create'
  [1m[36mSong Create (3.4ms)[0m  [1m[32mINSERT INTO "songs" ("title", "artist", "time", "created_at", "updated_at") VALUES ($1, $2, $3, $4, $5) RETURNING "id"[0m  [["title", "A Poem Called You"], ["artist", "Taeyeon"], ["time", "3:29"], ["created_at", "2020-11-16 18:17:17.105208"], ["updated_at", "2020-11-16 18:17:17.105208"]]
  ↳ app/controllers/songs_controller.rb:20:in `create'
  [1m[35m (2.3ms)[0m  [1m[35mCOMMIT[0m
  ↳ app/controllers/songs_controller.rb:20:in `create'
Completed 201 Created in 13ms (Views: 0.4ms | ActiveRecord: 6.1ms | Allocations: 2515)


Started GET "/songs" for ::1 at 2020-11-16 13:17:17 -0500
Processing by SongsController#index as */*
  [1m[36mSong Load (0.5ms)[0m  [1m[34mSELECT "songs".* FROM "songs"[0m
  ↳ app/controllers/songs_controller.rb:8:in `index'
Completed 200 OK in 3ms (Views: 2.4ms | ActiveRecord: 0.5ms | Allocations: 1359)


Started DELETE "/songs/5" for ::1 at 2020-11-16 13:18:36 -0500
Processing by SongsController#destroy as */*
  Parameters: {"id"=>"5"}
  [1m[36mSong Load (0.5ms)[0m  [1m[34mSELECT "songs".* FROM "songs" WHERE "songs"."id" = $1 LIMIT $2[0m  [["id", 5], ["LIMIT", 1]]
  ↳ app/controllers/songs_controller.rb:43:in `set_song'
  [1m[36mCACHE Song Load (0.0ms)[0m  [1m[34mSELECT "songs".* FROM "songs" WHERE "songs"."id" = $1 LIMIT $2[0m  [["id", 5], ["LIMIT", 1]]
  ↳ app/controllers/songs_controller.rb:36:in `destroy'
  [1m[35m (0.2ms)[0m  [1m[35mBEGIN[0m
  ↳ app/controllers/songs_controller.rb:36:in `destroy'
  [1m[36mSong Destroy (0.9ms)[0m  [1m[31mDELETE FROM "songs" WHERE "songs"."id" = $1[0m  [["id", 5]]
  ↳ app/controllers/songs_controller.rb:36:in `destroy'
  [1m[35m (1.0ms)[0m  [1m[35mCOMMIT[0m
  ↳ app/controllers/songs_controller.rb:36:in `destroy'
Completed 204 No Content in 9ms (Views: 0.1ms | ActiveRecord: 2.6ms | Allocations: 2926)


Started GET "/songs" for ::1 at 2020-11-16 13:18:36 -0500
Processing by SongsController#index as */*
  [1m[36mSong Load (0.5ms)[0m  [1m[34mSELECT "songs".* FROM "songs"[0m
  ↳ app/controllers/songs_controller.rb:8:in `index'
Completed 200 OK in 3ms (Views: 2.1ms | ActiveRecord: 0.5ms | Allocations: 1245)


Started POST "/songs" for ::1 at 2020-11-16 13:18:39 -0500
Processing by SongsController#create as */*
  Parameters: {"title"=>"A Poem Called You", "artist"=>"Taeyeon", "time"=>"3:29", "song"=>{"title"=>"A Poem Called You", "artist"=>"Taeyeon", "time"=>"3:29"}}
  [1m[35m (0.2ms)[0m  [1m[35mBEGIN[0m
  ↳ app/controllers/songs_controller.rb:20:in `create'
  [1m[36mSong Create (0.8ms)[0m  [1m[32mINSERT INTO "songs" ("title", "artist", "time", "created_at", "updated_at") VALUES ($1, $2, $3, $4, $5) RETURNING "id"[0m  [["title", "A Poem Called You"], ["artist", "Taeyeon"], ["time", "3:29"], ["created_at", "2020-11-16 18:18:39.309954"], ["updated_at", "2020-11-16 18:18:39.309954"]]
  ↳ app/controllers/songs_controller.rb:20:in `create'
  [1m[35m (0.9ms)[0m  [1m[35mCOMMIT[0m
  ↳ app/controllers/songs_controller.rb:20:in `create'
Completed 201 Created in 8ms (Views: 0.4ms | ActiveRecord: 1.8ms | Allocations: 2515)


Started GET "/songs" for ::1 at 2020-11-16 13:18:39 -0500
Processing by SongsController#index as */*
  [1m[36mSong Load (0.4ms)[0m  [1m[34mSELECT "songs".* FROM "songs"[0m
  ↳ app/controllers/songs_controller.rb:8:in `index'
Completed 200 OK in 3ms (Views: 2.7ms | ActiveRecord: 0.4ms | Allocations: 1359)


Started GET "/songs" for ::1 at 2020-11-16 13:19:18 -0500
Processing by SongsController#index as */*
  [1m[36mSong Load (0.9ms)[0m  [1m[34mSELECT "songs".* FROM "songs"[0m
  ↳ app/controllers/songs_controller.rb:8:in `index'
Completed 200 OK in 5ms (Views: 3.6ms | ActiveRecord: 0.9ms | Allocations: 1359)


Started GET "/songs" for ::1 at 2020-11-16 13:19:24 -0500
Processing by SongsController#index as */*
  [1m[36mSong Load (0.4ms)[0m  [1m[34mSELECT "songs".* FROM "songs"[0m
  ↳ app/controllers/songs_controller.rb:8:in `index'
Completed 200 OK in 3ms (Views: 2.1ms | ActiveRecord: 0.4ms | Allocations: 1359)


Started PUT "/songs/4" for ::1 at 2020-11-16 13:19:33 -0500
Processing by SongsController#update as */*
  Parameters: {"history"=>{"length"=>15, "action"=>"PUSH", "location"=>{"pathname"=>"/songs/edit", "search"=>"", "hash"=>"", "key"=>"kkc2n3"}}, "location"=>{"pathname"=>"/songs/edit", "search"=>"", "hash"=>"", "key"=>"kkc2n3"}, "match"=>{"path"=>"/songs/edit", "url"=>"/songs/edit", "isExact"=>true, "params"=>{}}, "label"=>"edit", "song"=>{"selectedSong"=>{"id"=>4, "title"=>"Stitches", "artist"=>"Shawn Mendes", "time"=>"3:30", "created_at"=>"2020-11-16T17:40:10.148Z", "updated_at"=>"2020-11-16T17:40:10.148Z"}}, "title"=>"Stitch", "id"=>"4"}
  [1m[36mSong Load (0.4ms)[0m  [1m[34mSELECT "songs".* FROM "songs" WHERE "songs"."id" = $1 LIMIT $2[0m  [["id", 4], ["LIMIT", 1]]
  ↳ app/controllers/songs_controller.rb:43:in `set_song'
  [1m[36mCACHE Song Load (0.2ms)[0m  [1m[34mSELECT "songs".* FROM "songs" WHERE "songs"."id" = $1 LIMIT $2[0m  [["id", 4], ["LIMIT", 1]]
  ↳ app/controllers/songs_controller.rb:29:in `update'
[31mUnpermitted parameter: :selectedSong[0m
Completed 200 OK in 5ms (Views: 0.3ms | ActiveRecord: 0.6ms | Allocations: 1435)


Started GET "/songs" for ::1 at 2020-11-16 13:19:36 -0500
Processing by SongsController#index as */*
  [1m[36mSong Load (0.4ms)[0m  [1m[34mSELECT "songs".* FROM "songs"[0m
  ↳ app/controllers/songs_controller.rb:8:in `index'
Completed 200 OK in 3ms (Views: 2.0ms | ActiveRecord: 0.4ms | Allocations: 1361)


Started GET "/songs" for ::1 at 2020-11-16 13:20:20 -0500
Processing by SongsController#index as */*
  [1m[36mSong Load (0.3ms)[0m  [1m[34mSELECT "songs".* FROM "songs"[0m
  ↳ app/controllers/songs_controller.rb:8:in `index'
Completed 200 OK in 2ms (Views: 1.6ms | ActiveRecord: 0.3ms | Allocations: 1359)


Started PUT "/songs/4" for ::1 at 2020-11-16 13:20:59 -0500
Processing by SongsController#update as */*
  Parameters: {"history"=>{"length"=>17, "action"=>"PUSH", "location"=>{"pathname"=>"/songs/edit", "search"=>"", "hash"=>"", "key"=>"4e2ftf"}}, "location"=>{"pathname"=>"/songs/edit", "search"=>"", "hash"=>"", "key"=>"4e2ftf"}, "match"=>{"path"=>"/songs/edit", "url"=>"/songs/edit", "isExact"=>true, "params"=>{}}, "label"=>"edit", "song"=>{"selectedSong"=>{"id"=>4, "title"=>"Stitches", "artist"=>"Shawn Mendes", "time"=>"3:30", "created_at"=>"2020-11-16T17:40:10.148Z", "updated_at"=>"2020-11-16T17:40:10.148Z"}}, "title"=>"stitches", "id"=>"4"}
  [1m[36mSong Load (0.8ms)[0m  [1m[34mSELECT "songs".* FROM "songs" WHERE "songs"."id" = $1 LIMIT $2[0m  [["id", 4], ["LIMIT", 1]]
  ↳ app/controllers/songs_controller.rb:43:in `set_song'
  [1m[36mCACHE Song Load (0.0ms)[0m  [1m[34mSELECT "songs".* FROM "songs" WHERE "songs"."id" = $1 LIMIT $2[0m  [["id", 4], ["LIMIT", 1]]
  ↳ app/controllers/songs_controller.rb:29:in `update'
[31mUnpermitted parameter: :selectedSong[0m
Completed 200 OK in 6ms (Views: 0.3ms | ActiveRecord: 0.8ms | Allocations: 1435)


Started GET "/songs" for ::1 at 2020-11-16 13:20:59 -0500
Processing by SongsController#index as */*
  [1m[36mSong Load (0.6ms)[0m  [1m[34mSELECT "songs".* FROM "songs"[0m
  ↳ app/controllers/songs_controller.rb:8:in `index'
Completed 200 OK in 3ms (Views: 2.5ms | ActiveRecord: 0.6ms | Allocations: 1361)


Started GET "/songs" for ::1 at 2020-11-16 13:21:01 -0500
Processing by SongsController#index as */*
  [1m[36mSong Load (0.6ms)[0m  [1m[34mSELECT "songs".* FROM "songs"[0m
  ↳ app/controllers/songs_controller.rb:8:in `index'
Completed 200 OK in 4ms (Views: 3.4ms | ActiveRecord: 0.6ms | Allocations: 1359)


Started GET "/songs" for ::1 at 2020-11-16 13:21:27 -0500
Processing by SongsController#index as */*
  Parameters: {"username"=>"jakenguyen", "password"=>"[FILTERED]", "song"=>{}}
  [1m[36mSong Load (0.4ms)[0m  [1m[34mSELECT "songs".* FROM "songs"[0m
  ↳ app/controllers/songs_controller.rb:8:in `index'
Completed 200 OK in 3ms (Views: 2.8ms | ActiveRecord: 0.4ms | Allocations: 1359)


Started PUT "/songs/2" for ::1 at 2020-11-16 13:22:10 -0500
Processing by SongsController#update as */*
  Parameters: {"title"=>"Laugh Now Cry Later", "artist"=>"Drake", "time"=>"4:22", "id"=>"2", "song"=>{"title"=>"Laugh Now Cry Later", "artist"=>"Drake", "time"=>"4:22"}}
  [1m[36mSong Load (0.5ms)[0m  [1m[34mSELECT "songs".* FROM "songs" WHERE "songs"."id" = $1 LIMIT $2[0m  [["id", 2], ["LIMIT", 1]]
  ↳ app/controllers/songs_controller.rb:43:in `set_song'
  [1m[36mCACHE Song Load (0.0ms)[0m  [1m[34mSELECT "songs".* FROM "songs" WHERE "songs"."id" = $1 LIMIT $2[0m  [["id", 2], ["LIMIT", 1]]
  ↳ app/controllers/songs_controller.rb:29:in `update'
  [1m[35m (0.2ms)[0m  [1m[35mBEGIN[0m
  ↳ app/controllers/songs_controller.rb:30:in `update'
  [1m[36mSong Update (0.5ms)[0m  [1m[33mUPDATE "songs" SET "artist" = $1, "updated_at" = $2 WHERE "songs"."id" = $3[0m  [["artist", "Drake"], ["updated_at", "2020-11-16 18:22:10.788019"], ["id", 2]]
  ↳ app/controllers/songs_controller.rb:30:in `update'
  [1m[35m (1.2ms)[0m  [1m[35mCOMMIT[0m
  ↳ app/controllers/songs_controller.rb:30:in `update'
Completed 200 OK in 53ms (Views: 0.5ms | ActiveRecord: 2.4ms | Allocations: 3578)


Started GET "/songs" for ::1 at 2020-11-16 13:22:14 -0500
Processing by SongsController#index as */*
  [1m[36mSong Load (0.5ms)[0m  [1m[34mSELECT "songs".* FROM "songs"[0m
  ↳ app/controllers/songs_controller.rb:8:in `index'
Completed 200 OK in 6ms (Views: 4.7ms | ActiveRecord: 0.5ms | Allocations: 1359)


